{
  "RSpec": {
    "coverage": {
      "/Users/davidhalewood/Documents/Makers/Projects/airbnb/spec/features/list_spec.rb": [
        1,
        null,
        1,
        1,
        3,
        null,
        null,
        1,
        0,
        null,
        null,
        1,
        0,
        0,
        0,
        0,
        0,
        null,
        null,
        null,
        1,
        0,
        0,
        0,
        0,
        null,
        null,
        null
      ],
      "/Users/davidhalewood/Documents/Makers/Projects/airbnb/spec/models/models_implementation_spec.rb": [
        1,
        1,
        1,
        1,
        null,
        1,
        1,
        1,
        1,
        null,
        null,
        null,
        1,
        1,
        1,
        null,
        null,
        null,
        1,
        null,
        null,
        null,
        1,
        1,
        1,
        null,
        null,
        null,
        1,
        null,
        null
      ],
      "/Users/davidhalewood/Documents/Makers/Projects/airbnb/spec/models/user_spec.rb": [
        1,
        null,
        1,
        1,
        1,
        null,
        null,
        null,
        null,
        null,
        1,
        1,
        1,
        0,
        null,
        null,
        1,
        1,
        0,
        null,
        null,
        1,
        2,
        null,
        null,
        1,
        1,
        0,
        0,
        null,
        null
      ]
    },
    "timestamp": 1509464293
  }
}
