{
  "RSpec": {
    "coverage": {
      "/Users/lucyborthwick/Desktop/Projects/Makers-Academy/week-6/airbnb/spec/features/list_spec.rb": [
        1,
        null,
        1,
        1,
        3,
        null,
        null,
        1,
        2,
        null,
        null,
        1,
        1,
        1,
        1,
        1,
        1,
        null,
        null,
        null,
        1,
        1,
        1,
        1,
        1,
        null,
        null,
        null
      ],
      "/Users/lucyborthwick/Desktop/Projects/Makers-Academy/week-6/airbnb/spec/models/models_implementation_spec.rb": [
        1,
        1,
        1,
        1,
        null,
        1,
        1,
        1,
        1,
        null,
        null,
        null,
        1,
        1,
        1,
        null,
        null,
        null,
        1,
        null,
        null,
        null,
        1,
        1,
        1,
        null,
        null,
        null,
        1,
        null,
        null
      ],
      "/Users/lucyborthwick/Desktop/Projects/Makers-Academy/week-6/airbnb/spec/models/user_spec.rb": [
        1,
        null,
        1,
        1,
        1,
        null,
        null,
        null,
        null,
        null,
        1,
        1,
        1,
        1,
        null,
        null,
        1,
        1,
        2,
        null,
        null,
        1,
        2,
        null,
        null,
        1,
        1,
        1,
        1,
        null,
        null
      ]
    },
    "timestamp": 1509461290
  }
}
